1636883854.966647 log opened
1636883854.998837 cmdq_next <global>: empty
1636883854.998875 cmdq_next </dev/pts/0>: empty
1636883854.998885 server_client_reset_state: client /dev/pts/0 mode 11
1636883854.998892 server_client_reset_state: cursor to 316,73
1636883854.998904 server_client_check_pane_buffer: pane %0 is on
1636883854.998913 @0 active pane not changed
1636883855.055643 server_signal: Child exited
1636883855.055771 %0 exited
1636883855.055817 cmd_find_best_session_with_window: window is @0
1636883855.055827 cmd_find_best_session: 1 sessions to try
1636883855.055833 cmd_find_best_winlink_with_window: window is @0
1636883855.055839 cmd_find_best_winlink_with_window: window is @0
1636883855.055844 cmd_find_from_window: s=$0 he
1636883855.055851 cmd_find_from_window: wl=0 1 w=@0 python
1636883855.055856 cmd_find_from_window: wp=%0
1636883855.055862 cmd_find_from_window: idx=0
1636883855.055867 cmd_find_from_pane: s=$0 he
1636883855.055873 cmd_find_from_pane: wl=0 1 w=@0 python
1636883855.055879 cmd_find_from_pane: wp=%0
1636883855.055884 cmd_find_from_pane: idx=0
1636883855.055892 session_add_ref: he notify_add, now 2
1636883855.055899 cmdq_append <global>: [notify_callback/0x177dd60]
1636883855.055910 cmd_find_best_session_with_window: window is @0
1636883855.055916 cmd_find_best_session: 1 sessions to try
1636883855.055922 cmd_find_best_winlink_with_window: window is @0
1636883855.055928 cmd_find_best_winlink_with_window: window is @0
1636883855.055934 cmd_find_from_window: s=$0 he
1636883855.055939 cmd_find_from_window: wl=0 1 w=@0 python
1636883855.055945 cmd_find_from_window: wp=%0
1636883855.055950 cmd_find_from_window: idx=0
1636883855.055957 window_add_ref: @0 notify_add, now 2
1636883855.055962 session_add_ref: he notify_add, now 3
1636883855.055969 cmdq_append <global>: [notify_callback/0x179b3b0]
1636883855.055975 window_lost_pane: @0 pane %0
1636883855.056117 cmd_find_best_winlink_with_window: window is @0
1636883855.056125 cmd_find_from_session_window: s=$0 he
1636883855.056131 cmd_find_from_session_window: wl=0 1 w=@0 python
1636883855.056137 cmd_find_from_session_window: wp=none
1636883855.056142 cmd_find_from_session_window: idx=0
1636883855.056148 session_add_ref: he notify_add, now 4
1636883855.056154 window_add_ref: @0 notify_add, now 3
1636883855.056160 session_add_ref: he notify_add, now 5
1636883855.056166 cmdq_append <global>: [notify_callback/0x17747a0]
1636883855.056172 window_remove_ref: @0 winlink_remove, now 2
1636883855.056178 session he destroyed (session_detach)
1636883855.056184 cmd_find_best_session: 0 sessions to try
1636883855.056190 session_add_ref: he notify_add, now 6
1636883855.056197 cmdq_append <global>: [notify_callback/0x177d0a0]
1636883855.056203 session_remove_ref: he session_destroy, now 5
1636883855.056213 cmdq_next <global>: enter
1636883855.056219 cmdq_next <global>: [notify_callback/0x177dd60] (1), flags 0
1636883855.056226 notify_callback: pane-exited
1636883855.056231 notify_insert_hook: pane-exited
1636883855.056237 cmd_find_best_session: 0 sessions to try
1636883855.056243 session_remove_ref: he notify_callback, now 4
1636883855.056250 cmdq_next <global>: [notify_callback/0x179b3b0] (1), flags 0
1636883855.056255 notify_callback: window-layout-changed
1636883855.056261 notify_insert_hook: window-layout-changed
1636883855.056267 cmd_find_best_session: 0 sessions to try
1636883855.056274 window_remove_ref: @0 notify_callback, now 1
1636883855.056280 session_remove_ref: he notify_callback, now 3
1636883855.056286 cmdq_next <global>: [notify_callback/0x17747a0] (1), flags 0
1636883855.056291 notify_callback: window-unlinked
1636883855.056297 notify_insert_hook: window-unlinked
1636883855.056302 cmd_find_best_session: 0 sessions to try
1636883855.056308 session_remove_ref: he notify_callback, now 2
1636883855.056314 window_remove_ref: @0 notify_callback, now 0
1636883855.056320 window @0 destroyed (0 references)
1636883855.056326 session_remove_ref: he notify_callback, now 1
1636883855.056332 cmdq_next <global>: [notify_callback/0x177d0a0] (1), flags 0
1636883855.056338 notify_callback: session-closed
1636883855.056373 notify_insert_hook: session-closed
1636883855.056380 cmd_find_best_session: 0 sessions to try
1636883855.056390 session_remove_ref: he notify_callback, now 0
1636883855.056397 cmdq_next <global>: exit (empty)
1636883855.056403 cmdq_next </dev/pts/0>: empty
1636883855.056409 cmdq_next <global>: empty
1636883855.056414 cmdq_next </dev/pts/0>: empty
1636883855.056421 sending message 203 to peer 0x17c4600 (4 bytes)
1636883855.056449 session he freed (0 references)
1636883855.056458 cmdq_next <global>: empty
1636883855.056464 cmdq_next </dev/pts/0>: empty
1636883855.056645 peer 0x17c4600 message 205
1636883855.056682 removing term xterm-256color
1636883855.056713 sending message 204 to peer 0x17c4600 (0 bytes)
1636883855.056721 cmdq_next <global>: empty
1636883855.056727 cmdq_next </dev/pts/0>: empty
1636883855.056738 cmdq_next <global>: empty
1636883855.056745 cmdq_next </dev/pts/0>: empty
1636883855.057145 lost client 0x17d6fe0
1636883855.057159 lost attached client 0x17d6fe0
1636883855.057167 cmd_find_best_session: 0 sessions to try
1636883855.057174 cmdq_append <global>: [notify_callback/0x177d0a0]
1636883855.057231 remove peer 0x17c4600
1636883855.057242 unref client 0x17d6fe0 (2 references)
1636883855.057276 cmdq_next <global>: enter
1636883855.057284 cmdq_next <global>: [notify_callback/0x177d0a0] (1), flags 0
1636883855.057290 notify_callback: client-detached
1636883855.057296 notify_insert_hook: client-detached
1636883855.057302 cmd_find_best_session: 0 sessions to try
1636883855.057309 unref client 0x17d6fe0 (1 references)
1636883855.057316 cmdq_next <global>: exit (empty)
1636883855.057322 cmdq_next <global>: empty
1636883855.057330 server loop exit
